INFO:__main__:C102.txt, 7824.505077760704, 499.1957619190216
INFO:__main__:C202.txt, 5687.072768755486, 1000.5396723747253
INFO:__main__:R102.txt, 4462.199479444973, 613.8881189823151
INFO:__main__:R202.txt, 3383.256545567939, 859.2587802410126
INFO:__main__:RC102.txt, 5389.717579922694, 378.53972697257996
INFO:__main__:RC202.txt, 4540.6498609179835, 905.0190517902374
INFO:__main__:C103.txt, 8038.629461771546, 626.0857782363892
INFO:__main__:C203.txt, 5684.952734374887, 1436.709384918213
INFO:__main__:R103.txt, 4448.119952040394, 689.573893070221
INFO:__main__:R203.txt, 3240.6521582908645, 1147.5522682666779
INFO:__main__:RC103.txt, 5336.525822498485, 498.1653914451599
INFO:__main__:RC203.txt, 4394.378025595881, 1463.626632452011
INFO:__main__:C104.txt, 8314.544806942076, 823.6896097660065
INFO:__main__:C204.txt, 5693.402566911917, 2337.2324912548065
INFO:__main__:R104.txt, 4414.902637584892, 1028.1542482376099
INFO:__main__:R204.txt, 3072.901495209824, 2731.6210057735443
INFO:__main__:RC104.txt, 5156.748909681668, 777.5255606174469
INFO:__main__:RC204.txt, 4207.415333712254, 2720.119628429413
INFO:__main__:C102.txt, 7892.413589350095, 566.5930647850037
INFO:__main__:C202.txt, 5690.398145311053, 837.3898708820343
INFO:__main__:R102.txt, 4499.227072671751, 679.5561923980713
INFO:__main__:R202.txt, 3413.5134649926604, 995.2644081115723
INFO:__main__:RC102.txt, 5284.325173255626, 356.1459164619446
INFO:__main__:RC202.txt, 4518.829797446383, 997.9486653804779
INFO:__main__:C103.txt, 8090.837096389863, 715.4120652675629
INFO:__main__:C203.txt, 5685.258618173815, 1331.2648346424103
INFO:__main__:R103.txt, 4461.622951329746, 832.6935338973999
INFO:__main__:R203.txt, 3257.226147310216, 1528.3417055606842
INFO:__main__:RC103.txt, 5305.759615975556, 557.522801399231
INFO:__main__:RC203.txt, 4409.480238246734, 1761.2185781002045
INFO:__main__:C104.txt, 8100.506832941707, 750.5282516479492
INFO:__main__:C204.txt, 5681.687021758792, 2400.311933040619
INFO:__main__:R104.txt, 4382.698191892291, 1033.023845911026
INFO:__main__:R204.txt, 3085.7560026892143, 2679.8539555072784
INFO:__main__:RC104.txt, 5237.311744095479, 689.3807501792908
INFO:__main__:RC204.txt, 4237.673950731436, 2560.1762669086456
INFO:__main__:C102.txt, 7828.048636372945, 424.7777671813965
INFO:__main__:C202.txt, 5698.282830358358, 868.4158012866974
INFO:__main__:R102.txt, 4509.751303670682, 648.9780371189117
INFO:__main__:R202.txt, 3419.8941113715614, 818.3380308151245
INFO:__main__:RC102.txt, 5492.708325620257, 430.3775644302368
INFO:__main__:RC202.txt, 4480.29045731472, 988.6183190345764
INFO:__main__:C103.txt, 7994.120376602706, 692.7726075649261
INFO:__main__:C203.txt, 5686.953861424139, 1390.87460398674
INFO:__main__:R103.txt, 4431.768308441376, 750.9351840019226
INFO:__main__:R203.txt, 3217.1523954437716, 1481.7974541187286
INFO:__main__:RC103.txt, 5217.515578972636, 486.0439624786377
INFO:__main__:RC203.txt, 4418.694317084256, 1653.8266394138336
INFO:__main__:C104.txt, 8350.348465479818, 969.3885309696198
INFO:__main__:C204.txt, 5677.65628633467, 1950.7157888412476
INFO:__main__:R104.txt, 4403.026615465051, 917.4853813648224
INFO:__main__:R204.txt, 3069.0873949458055, 2594.669582605362
INFO:__main__:RC104.txt, 5105.326647675172, 738.5483829975128
INFO:__main__:RC204.txt, 4315.622025100073, 2812.672652721405
INFO:__main__:C102.txt, 7755.2664604978645, 427.54644417762756
INFO:__main__:C202.txt, 5687.072768755486, 975.9787814617157
INFO:__main__:R102.txt, 4490.105112728775, 669.1034562587738
INFO:__main__:R202.txt, 3404.5933594313274, 926.6888103485107
INFO:__main__:RC102.txt, 5495.988169932069, 477.5999119281769
INFO:__main__:RC202.txt, 4549.632134612262, 1043.4444551467896
INFO:__main__:C103.txt, 7895.678395479761, 724.0709934234619
INFO:__main__:C203.txt, 5728.666158786573, 1671.8895585536957
INFO:__main__:R103.txt, 4454.402138295049, 858.5725691318512
INFO:__main__:R203.txt, 3182.6617319766906, 1316.2518963813782
INFO:__main__:RC103.txt, 5360.342952310933, 525.7572276592255
INFO:__main__:RC203.txt, 4423.570678540554, 1451.4351162910461
INFO:__main__:C104.txt, 8209.23987013082, 799.964809179306
INFO:__main__:C204.txt, 5682.1465091794735, 2191.573383808136
INFO:__main__:R104.txt, 4347.126677374004, 1033.7641994953156
INFO:__main__:R204.txt, 3094.812248338043, 2407.5509769916534
INFO:__main__:RC104.txt, 5202.042835996195, 758.9130344390869
INFO:__main__:RC204.txt, 4326.506568470209, 2720.277202606201
INFO:__main__:C102.txt, 7992.854908991083, 492.3645143508911
INFO:__main__:C202.txt, 5687.072768755486, 865.9686856269836
INFO:__main__:R102.txt, 4491.1834416984075, 622.5918054580688
INFO:__main__:R202.txt, 3408.927085293537, 1059.1645085811615
INFO:__main__:RC102.txt, 5349.665102323524, 353.3940236568451
INFO:__main__:RC202.txt, 4470.2568393559, 980.3847389221191
INFO:__main__:C103.txt, 7910.574021805432, 703.5050437450409
INFO:__main__:C203.txt, 5728.66573109307, 1565.5763430595398
INFO:__main__:R103.txt, 4417.809711853679, 807.3326139450073
INFO:__main__:R203.txt, 3238.9886540073308, 1359.25257396698
INFO:__main__:RC103.txt, 5347.192320071354, 572.095422744751
INFO:__main__:RC203.txt, 4481.212772973374, 1625.9457116127014
INFO:__main__:C104.txt, 8275.22629253429, 820.0802826881409
INFO:__main__:C204.txt, 5679.06467341047, 2383.458806037903
INFO:__main__:R104.txt, 4366.113270701693, 935.837455034256
INFO:__main__:R204.txt, 3060.5295625924914, 2352.5213243961334
INFO:__main__:RC104.txt, 5124.83202815785, 688.5741777420044
INFO:__main__:RC204.txt, 4233.660507848975, 2765.4801273345947
INFO:__main__:C105.txt, 7923.798133327966, 918.9058606624603
INFO:__main__:C205.txt, 5691.698373957569, 632.85316157341
INFO:__main__:R105.txt, 4518.008406802455, 591.0007319450378
INFO:__main__:R205.txt, 3314.208206745381, 1023.9911410808563
INFO:__main__:RC105.txt, 5484.248183053071, 610.515951871872
INFO:__main__:RC205.txt, 4630.908028205571, 1103.4480016231537
INFO:__main__:C106.txt, 7952.097811504977, 505.7172417640686
INFO:__main__:C206.txt, 5982.086452667626, 873.9527049064636
INFO:__main__:R106.txt, 4449.46627344415, 623.5690810680389
INFO:__main__:R206.txt, 3276.8631480935833, 1067.4508702754974
INFO:__main__:RC106.txt, 5538.948301234942, 369.23992919921875
INFO:__main__:RC206.txt, 4527.059460725179, 885.7860860824585
INFO:__main__:C107.txt, 8082.80101495413, 334.35996985435486
INFO:__main__:C207.txt, 5692.516422956588, 503.0158281326294
INFO:__main__:R107.txt, 4366.491334258028, 787.0474710464478
INFO:__main__:R207.txt, 3183.8029295141855, 1607.2347786426544
INFO:__main__:RC107.txt, 5275.835816498649, 500.836407661438
INFO:__main__:RC207.txt, 4529.511678225394, 1250.4553802013397
INFO:__main__:C105.txt, 7939.990726434867, 268.0203318595886
INFO:__main__:C205.txt, 5984.427382637244, 515.0359969139099
INFO:__main__:R105.txt, 4482.677926501026, 394.05624437332153
INFO:__main__:R205.txt, 3386.842314171966, 734.6267879009247
INFO:__main__:RC105.txt, 5468.675617714628, 295.1159965991974
INFO:__main__:RC205.txt, 4738.739633399991, 702.092111825943
INFO:__main__:C106.txt, 7923.604542311765, 314.1677975654602
INFO:__main__:C206.txt, 5743.073957601033, 745.1216351985931
INFO:__main__:R106.txt, 4423.502635781436, 1053.0265777111053
INFO:__main__:R206.txt, 3250.9539875739556, 1882.3476102352142
INFO:__main__:RC106.txt, 5337.280200788826, 554.7291738986969
INFO:__main__:RC206.txt, 4496.875448414932, 1249.5951812267303
INFO:__main__:C107.txt, 7933.423765775189, 524.9315166473389
INFO:__main__:C207.txt, 5764.445535390864, 1052.2811408042908
INFO:__main__:R107.txt, 4389.47904945429, 1322.4449527263641
INFO:__main__:R207.txt, 3214.702933349962, 9078.212213277817
INFO:__main__:RC107.txt, 5402.811792124714, 510.0578832626343
INFO:__main__:RC207.txt, 4373.913147682642, 1224.658139705658
INFO:__main__:C105.txt, 7928.49222791977, 272.8099274635315
INFO:__main__:C205.txt, 5936.429099521753, 756.1836981773376
INFO:__main__:R105.txt, 4487.997507153934, 606.3642108440399
INFO:__main__:R205.txt, 3375.066357786106, 1027.5361158847809
INFO:__main__:RC105.txt, 5501.907103771459, 33606.00557374954
INFO:__main__:RC205.txt, 4567.294647635851, 691.2298405170441
INFO:__main__:C106.txt, 8028.1277483863005, 360.4944944381714
INFO:__main__:C206.txt, 5691.698373957569, 596.9273366928101
INFO:__main__:R106.txt, 4402.498923574019, 618.7018058300018
INFO:__main__:R206.txt, 3218.884003766053, 943.953694820404
INFO:__main__:RC106.txt, 5499.26439349032, 363.12349796295166
INFO:__main__:RC206.txt, 4578.754507927892, 904.0514569282532
INFO:__main__:C107.txt, 8068.896391595403, 307.28974199295044
INFO:__main__:C207.txt, 5692.722950292929, 562.7205708026886
INFO:__main__:R107.txt, 4384.345108524402, 876.8838074207306
INFO:__main__:R207.txt, 3178.968906687167, 1796.3981668949127
INFO:__main__:RC107.txt, 5346.388007564385, 511.0518944263458
INFO:__main__:RC207.txt, 4482.023124668013, 1138.7196638584137
INFO:__main__:C105.txt, 8027.815635216084, 242.5745975971222
INFO:__main__:C205.txt, 5908.806040747406, 456.7580213546753
INFO:__main__:R105.txt, 4448.621602494757, 340.0963430404663
INFO:__main__:R205.txt, 3319.86531087609, 759.37721991539
INFO:__main__:RC105.txt, 5554.687134534149, 344.3985676765442
INFO:__main__:RC205.txt, 4547.693065976539, 717.5051844120026
INFO:__main__:C106.txt, 7831.7842971443, 303.514595746994
INFO:__main__:C206.txt, 5934.7806953637, 684.1744704246521
INFO:__main__:R106.txt, 4388.357180484439, 589.9463686943054
INFO:__main__:R206.txt, 3241.1191690097594, 1055.2362987995148
INFO:__main__:RC106.txt, 5354.645974721028, 345.20384669303894
INFO:__main__:RC206.txt, 4521.008563464817, 892.5561363697052
INFO:__main__:C107.txt, 7971.447387747936, 353.8462371826172
INFO:__main__:C207.txt, 5767.983044474247, 781.3978018760681
INFO:__main__:R107.txt, 4398.93208526786, 844.7425212860107
INFO:__main__:R207.txt, 3175.032710390673, 1836.6259763240814
INFO:__main__:RC107.txt, 5270.416683953669, 592.3897123336792
INFO:__main__:RC207.txt, 4516.008422681179, 1234.1068184375763
INFO:__main__:C105.txt, 7952.256652035384, 275.55032873153687
INFO:__main__:C205.txt, 5714.2325439615515, 469.7568187713623
INFO:__main__:R105.txt, 4441.185804078896, 391.4034345149994
INFO:__main__:R205.txt, 3342.273415295255, 986.0755677223206
INFO:__main__:RC105.txt, 5494.76300739745, 603.2939534187317
INFO:__main__:RC205.txt, 4653.602337855673, 1170.780867099762
INFO:__main__:C106.txt, 7993.913633810768, 498.90299010276794
INFO:__main__:C206.txt, 5943.688513662436, 1042.0960564613342
INFO:__main__:R106.txt, 4466.840698600299, 1056.8670847415924
INFO:__main__:R206.txt, 3265.544449385986, 1917.763433933258
INFO:__main__:RC106.txt, 5470.4357203393765, 651.297150850296
INFO:__main__:RC206.txt, 4492.818276330947, 1446.8802177906036
INFO:__main__:C107.txt, 8096.380484983551, 524.8559012413025
INFO:__main__:C207.txt, 5699.592609255531, 620.0255341529846
INFO:__main__:R107.txt, 4328.957743245426, 944.8517842292786
INFO:__main__:R207.txt, 3178.0459867993204, 1972.8610260486603
INFO:__main__:RC107.txt, 5283.313726202152, 537.5155589580536
INFO:__main__:RC207.txt, 4430.248624455419, 1319.5934948921204
